<?xml version="1.0" encoding="UTF-8"?>
<!-- Generated by org.testng.reporters.JUnitReportReporter -->
<testsuite hostname="IB-Pune-LAP-356" failures="0" tests="2" name="cucumberOptions.TestNGRunner" time="0.159" errors="0" timestamp="2024-04-09T14:21:32 IST" skipped="0">
  <testcase classname="cucumberOptions.TestNGRunner" name="runScenario" time="0.148"/>
  <testcase classname="cucumberOptions.TestNGRunner" name="runScenario" time="0.011"/>
</testsuite> <!-- cucumberOptions.TestNGRunner -->
